2019-04-20 20:38:23.825958: I tensorflow/core/platform/cpu_feature_guard.cc:141] Your CPU supports instructions that this TensorFlow binary was not compiled to use: AVX2 FMA
2019-04-20 20:38:23.942605: I tensorflow/stream_executor/cuda/cuda_gpu_executor.cc:964] successful NUMA node read from SysFS had negative value (-1), but there must be at least one NUMA node, so returning NUMA node zero
2019-04-20 20:38:23.943021: I tensorflow/core/common_runtime/gpu/gpu_device.cc:1432] Found device 0 with properties: 
name: GeForce GTX 1080 Ti major: 6 minor: 1 memoryClockRate(GHz): 1.582
pciBusID: 0000:01:00.0
totalMemory: 10.91GiB freeMemory: 7.01GiB
2019-04-20 20:38:23.943033: I tensorflow/core/common_runtime/gpu/gpu_device.cc:1511] Adding visible gpu devices: 0
2019-04-20 20:38:25.020433: I tensorflow/core/common_runtime/gpu/gpu_device.cc:982] Device interconnect StreamExecutor with strength 1 edge matrix:
2019-04-20 20:38:25.020463: I tensorflow/core/common_runtime/gpu/gpu_device.cc:988]      0 
2019-04-20 20:38:25.020468: I tensorflow/core/common_runtime/gpu/gpu_device.cc:1001] 0:   N 
2019-04-20 20:38:25.020621: I tensorflow/core/common_runtime/gpu/gpu_device.cc:1115] Created TensorFlow device (/job:localhost/replica:0/task:0/device:GPU:0 with 5586 MB memory) -> physical GPU (device: 0, name: GeForce GTX 1080 Ti, pci bus id: 0000:01:00.0, compute capability: 6.1)
set up work space...
Eval_AUC: 0.4959	 Eval_ACC: 0.5446	 Eval_PREC: 0.5751	 Eval_RECALL: 0.7979	 Eval_F1: 0.6684
epoch:0
Global_step 100	Train_loss: 0.7286
Train_AUC: 0.6967	Train_ACC: 0.6528	Train_PREC: 0.6969	Train_RECALL: 0.7035	Train_F1: 0.7002
Eval_AUC: 0.6942	Eval_ACC: 0.6514	Eval_PREC: 0.6955	Eval_RECALL: 0.7007	Eval_F1: 0.6981

Global_step 200	Train_loss: 0.6392
Train_AUC: 0.7105	Train_ACC: 0.6698	Train_PREC: 0.6801	Train_RECALL: 0.8064	Train_F1: 0.7378
Eval_AUC: 0.7071	Eval_ACC: 0.6666	Eval_PREC: 0.6775	Eval_RECALL: 0.8027	Eval_F1: 0.7348

Global_step 300	Train_loss: 0.6296
Train_AUC: 0.7192	Train_ACC: 0.6752	Train_PREC: 0.6853	Train_RECALL: 0.8068	Train_F1: 0.7411
Eval_AUC: 0.7164	Eval_ACC: 0.6724	Eval_PREC: 0.6830	Eval_RECALL: 0.8034	Eval_F1: 0.7383

Global_step 400	Train_loss: 0.6142
Train_AUC: 0.7296	Train_ACC: 0.6813	Train_PREC: 0.6841	Train_RECALL: 0.8303	Train_F1: 0.7502
Eval_AUC: 0.7262	Eval_ACC: 0.6795	Eval_PREC: 0.6823	Eval_RECALL: 0.8287	Eval_F1: 0.7484

Global_step 500	Train_loss: 0.6099
Train_AUC: 0.7333	Train_ACC: 0.6845	Train_PREC: 0.6998	Train_RECALL: 0.7924	Train_F1: 0.7433
Eval_AUC: 0.7296	Eval_ACC: 0.6818	Eval_PREC: 0.6973	Eval_RECALL: 0.7899	Eval_F1: 0.7407

Global_step 600	Train_loss: 0.5992
Train_AUC: 0.7469	Train_ACC: 0.6853	Train_PREC: 0.6706	Train_RECALL: 0.8923	Train_F1: 0.7657
Eval_AUC: 0.7430	Eval_ACC: 0.6827	Eval_PREC: 0.6682	Eval_RECALL: 0.8908	Eval_F1: 0.7636

Global_step 700	Train_loss: 0.5892
Train_AUC: 0.7555	Train_ACC: 0.6770	Train_PREC: 0.6548	Train_RECALL: 0.9299	Train_F1: 0.7684
Eval_AUC: 0.7509	Eval_ACC: 0.6749	Eval_PREC: 0.6530	Eval_RECALL: 0.9281	Eval_F1: 0.7666

Global_step 800	Train_loss: 0.6028
Train_AUC: 0.7613	Train_ACC: 0.7015	Train_PREC: 0.7368	Train_RECALL: 0.7500	Train_F1: 0.7434
Eval_AUC: 0.7564	Eval_ACC: 0.6968	Eval_PREC: 0.7327	Eval_RECALL: 0.7447	Eval_F1: 0.7386

Global_step 900	Train_loss: 0.5781
Train_AUC: 0.7678	Train_ACC: 0.7087	Train_PREC: 0.7066	Train_RECALL: 0.8457	Train_F1: 0.7699
Eval_AUC: 0.7632	Eval_ACC: 0.7040	Eval_PREC: 0.7027	Eval_RECALL: 0.8416	Eval_F1: 0.7659

Global_step 1000	Train_loss: 0.5741
Train_AUC: 0.7745	Train_ACC: 0.7130	Train_PREC: 0.7051	Train_RECALL: 0.8629	Train_F1: 0.7761
Eval_AUC: 0.7697	Eval_ACC: 0.7100	Eval_PREC: 0.7026	Eval_RECALL: 0.8597	Eval_F1: 0.7733

Global_step 1100	Train_loss: 0.5696
Train_AUC: 0.7753	Train_ACC: 0.7147	Train_PREC: 0.7279	Train_RECALL: 0.8065	Train_F1: 0.7652
Eval_AUC: 0.7716	Eval_ACC: 0.7116	Eval_PREC: 0.7253	Eval_RECALL: 0.8026	Eval_F1: 0.7620

Global_step 1200	Train_loss: 0.5728
Train_AUC: 0.7777	Train_ACC: 0.6707	Train_PREC: 0.6427	Train_RECALL: 0.9655	Train_F1: 0.7717
Eval_AUC: 0.7733	Eval_ACC: 0.6676	Eval_PREC: 0.6404	Eval_RECALL: 0.9629	Eval_F1: 0.7692

Global_step 1300	Train_loss: 0.5715
Train_AUC: 0.7818	Train_ACC: 0.6742	Train_PREC: 0.6456	Train_RECALL: 0.9636	Train_F1: 0.7732
Eval_AUC: 0.7773	Eval_ACC: 0.6710	Eval_PREC: 0.6432	Eval_RECALL: 0.9611	Eval_F1: 0.7707

Global_step 1400	Train_loss: 0.5567
Train_AUC: 0.7819	Train_ACC: 0.7193	Train_PREC: 0.7394	Train_RECALL: 0.7920	Train_F1: 0.7648
Eval_AUC: 0.7781	Eval_ACC: 0.7157	Eval_PREC: 0.7363	Eval_RECALL: 0.7880	Eval_F1: 0.7613

Global_step 1500	Train_loss: 0.5602
Train_AUC: 0.7831	Train_ACC: 0.7144	Train_PREC: 0.6978	Train_RECALL: 0.8901	Train_F1: 0.7823
Eval_AUC: 0.7793	Eval_ACC: 0.7111	Eval_PREC: 0.6953	Eval_RECALL: 0.8860	Eval_F1: 0.7792

Global_step 1600	Train_loss: 0.5631
Train_AUC: 0.7814	Train_ACC: 0.7175	Train_PREC: 0.7439	Train_RECALL: 0.7776	Train_F1: 0.7604
Eval_AUC: 0.7777	Eval_ACC: 0.7151	Eval_PREC: 0.7417	Eval_RECALL: 0.7743	Eval_F1: 0.7577

Global_step 1700	Train_loss: 0.5598
Train_AUC: 0.7872	Train_ACC: 0.7236	Train_PREC: 0.7428	Train_RECALL: 0.7959	Train_F1: 0.7685
Eval_AUC: 0.7829	Eval_ACC: 0.7198	Eval_PREC: 0.7394	Eval_RECALL: 0.7921	Eval_F1: 0.7648

Global_step 1800	Train_loss: 0.5558
Train_AUC: 0.7882	Train_ACC: 0.7121	Train_PREC: 0.7749	Train_RECALL: 0.7052	Train_F1: 0.7384
Eval_AUC: 0.7844	Eval_ACC: 0.7084	Eval_PREC: 0.7713	Eval_RECALL: 0.7010	Eval_F1: 0.7345

Global_step 1900	Train_loss: 0.5652
Train_AUC: 0.7847	Train_ACC: 0.6931	Train_PREC: 0.7922	Train_RECALL: 0.6336	Train_F1: 0.7041
Eval_AUC: 0.7801	Eval_ACC: 0.6894	Eval_PREC: 0.7890	Eval_RECALL: 0.6279	Eval_F1: 0.6993

Global_step 2000	Train_loss: 0.5574
Train_AUC: 0.7894	Train_ACC: 0.7264	Train_PREC: 0.7332	Train_RECALL: 0.8258	Train_F1: 0.7768
Eval_AUC: 0.7848	Eval_ACC: 0.7219	Eval_PREC: 0.7294	Eval_RECALL: 0.8214	Eval_F1: 0.7726

Global_step 2100	Train_loss: 0.5572
Train_AUC: 0.7874	Train_ACC: 0.7204	Train_PREC: 0.7086	Train_RECALL: 0.8744	Train_F1: 0.7828
Eval_AUC: 0.7827	Eval_ACC: 0.7169	Eval_PREC: 0.7060	Eval_RECALL: 0.8702	Eval_F1: 0.7796

Global_step 2200	Train_loss: 0.5509
Train_AUC: 0.7889	Train_ACC: 0.7220	Train_PREC: 0.7554	Train_RECALL: 0.7655	Train_F1: 0.7604
Eval_AUC: 0.7845	Eval_ACC: 0.7183	Eval_PREC: 0.7518	Eval_RECALL: 0.7617	Eval_F1: 0.7567

Global_step 2300	Train_loss: 0.5465
Train_AUC: 0.7904	Train_ACC: 0.7261	Train_PREC: 0.7225	Train_RECALL: 0.8520	Train_F1: 0.7819
Eval_AUC: 0.7866	Eval_ACC: 0.7219	Eval_PREC: 0.7191	Eval_RECALL: 0.8476	Eval_F1: 0.7781

Global_step 2400	Train_loss: 0.5495
Train_AUC: 0.7913	Train_ACC: 0.7210	Train_PREC: 0.7053	Train_RECALL: 0.8862	Train_F1: 0.7855
Eval_AUC: 0.7873	Eval_ACC: 0.7174	Eval_PREC: 0.7023	Eval_RECALL: 0.8831	Eval_F1: 0.7824

Global_step 2500	Train_loss: 0.5509
Train_AUC: 0.7907	Train_ACC: 0.7269	Train_PREC: 0.7376	Train_RECALL: 0.8166	Train_F1: 0.7751
Eval_AUC: 0.7860	Eval_ACC: 0.7227	Eval_PREC: 0.7342	Eval_RECALL: 0.8119	Eval_F1: 0.7711

Global_step 2600	Train_loss: 0.5571
Train_AUC: 0.7915	Train_ACC: 0.7270	Train_PREC: 0.7294	Train_RECALL: 0.8366	Train_F1: 0.7794
Eval_AUC: 0.7867	Eval_ACC: 0.7225	Eval_PREC: 0.7257	Eval_RECALL: 0.8324	Eval_F1: 0.7754

Global_step 2700	Train_loss: 0.5592
Train_AUC: 0.7912	Train_ACC: 0.7271	Train_PREC: 0.7248	Train_RECALL: 0.8486	Train_F1: 0.7818
Eval_AUC: 0.7863	Eval_ACC: 0.7226	Eval_PREC: 0.7214	Eval_RECALL: 0.8437	Eval_F1: 0.7778

Global_step 2800	Train_loss: 0.5517
Train_AUC: 0.7915	Train_ACC: 0.7272	Train_PREC: 0.7432	Train_RECALL: 0.8047	Train_F1: 0.7727
Eval_AUC: 0.7867	Eval_ACC: 0.7229	Eval_PREC: 0.7397	Eval_RECALL: 0.7999	Eval_F1: 0.7686

Global_step 2900	Train_loss: 0.5529
Train_AUC: 0.7902	Train_ACC: 0.7263	Train_PREC: 0.7388	Train_RECALL: 0.8122	Train_F1: 0.7738
Eval_AUC: 0.7857	Eval_ACC: 0.7225	Eval_PREC: 0.7356	Eval_RECALL: 0.8080	Eval_F1: 0.7701

Global_step 3000	Train_loss: 0.5584
Train_AUC: 0.7913	Train_ACC: 0.7270	Train_PREC: 0.7292	Train_RECALL: 0.8372	Train_F1: 0.7795
Eval_AUC: 0.7862	Eval_ACC: 0.7231	Eval_PREC: 0.7260	Eval_RECALL: 0.8331	Eval_F1: 0.7759

Global_step 3100	Train_loss: 0.5499
Train_AUC: 0.7934	Train_ACC: 0.7272	Train_PREC: 0.7507	Train_RECALL: 0.7885	Train_F1: 0.7691
Eval_AUC: 0.7883	Eval_ACC: 0.7237	Eval_PREC: 0.7476	Eval_RECALL: 0.7845	Eval_F1: 0.7656

Global_step 3200	Train_loss: 0.5506
Train_AUC: 0.7938	Train_ACC: 0.7292	Train_PREC: 0.7318	Train_RECALL: 0.8369	Train_F1: 0.7808
Eval_AUC: 0.7893	Eval_ACC: 0.7251	Eval_PREC: 0.7288	Eval_RECALL: 0.8318	Eval_F1: 0.7769

Global_step 3300	Train_loss: 0.5539
Train_AUC: 0.7920	Train_ACC: 0.7264	Train_PREC: 0.7208	Train_RECALL: 0.8573	Train_F1: 0.7831
Eval_AUC: 0.7869	Eval_ACC: 0.7217	Eval_PREC: 0.7174	Eval_RECALL: 0.8518	Eval_F1: 0.7788

Global_step 3400	Train_loss: 0.5578
Train_AUC: 0.7937	Train_ACC: 0.7266	Train_PREC: 0.7560	Train_RECALL: 0.7760	Train_F1: 0.7659
Eval_AUC: 0.7881	Eval_ACC: 0.7220	Eval_PREC: 0.7521	Eval_RECALL: 0.7707	Eval_F1: 0.7613

Global_step 3500	Train_loss: 0.5441
Train_AUC: 0.7954	Train_ACC: 0.7300	Train_PREC: 0.7452	Train_RECALL: 0.8076	Train_F1: 0.7752
Eval_AUC: 0.7901	Eval_ACC: 0.7249	Eval_PREC: 0.7412	Eval_RECALL: 0.8019	Eval_F1: 0.7703

Global_step 3600	Train_loss: 0.5493
Train_AUC: 0.7935	Train_ACC: 0.7297	Train_PREC: 0.7302	Train_RECALL: 0.8421	Train_F1: 0.7822
Eval_AUC: 0.7877	Eval_ACC: 0.7243	Eval_PREC: 0.7259	Eval_RECALL: 0.8368	Eval_F1: 0.7774

Global_step 3700	Train_loss: 0.5496
Train_AUC: 0.7952	Train_ACC: 0.7298	Train_PREC: 0.7307	Train_RECALL: 0.8412	Train_F1: 0.7821
Eval_AUC: 0.7899	Eval_ACC: 0.7255	Eval_PREC: 0.7272	Eval_RECALL: 0.8365	Eval_F1: 0.7781

Global_step 3800	Train_loss: 0.5522
Train_AUC: 0.7952	Train_ACC: 0.7289	Train_PREC: 0.7492	Train_RECALL: 0.7961	Train_F1: 0.7719
Eval_AUC: 0.7898	Eval_ACC: 0.7249	Eval_PREC: 0.7459	Eval_RECALL: 0.7914	Eval_F1: 0.7680

Global_step 3900	Train_loss: 0.5540
Train_AUC: 0.7951	Train_ACC: 0.7297	Train_PREC: 0.7286	Train_RECALL: 0.8462	Train_F1: 0.7830
Eval_AUC: 0.7896	Eval_ACC: 0.7249	Eval_PREC: 0.7248	Eval_RECALL: 0.8411	Eval_F1: 0.7787

Global_step 4000	Train_loss: 0.5462
Train_AUC: 0.7953	Train_ACC: 0.7304	Train_PREC: 0.7344	Train_RECALL: 0.8339	Train_F1: 0.7810
Eval_AUC: 0.7898	Eval_ACC: 0.7252	Eval_PREC: 0.7305	Eval_RECALL: 0.8278	Eval_F1: 0.7761

Global_step 4100	Train_loss: 0.5469
Train_AUC: 0.7953	Train_ACC: 0.7293	Train_PREC: 0.7487	Train_RECALL: 0.7982	Train_F1: 0.7726
Eval_AUC: 0.7896	Eval_ACC: 0.7244	Eval_PREC: 0.7446	Eval_RECALL: 0.7929	Eval_F1: 0.7680

Global_step 4200	Train_loss: 0.5476
Train_AUC: 0.7947	Train_ACC: 0.7283	Train_PREC: 0.7485	Train_RECALL: 0.7959	Train_F1: 0.7715
Eval_AUC: 0.7885	Eval_ACC: 0.7236	Eval_PREC: 0.7444	Eval_RECALL: 0.7913	Eval_F1: 0.7671

Global_step 4300	Train_loss: 0.5507
Train_AUC: 0.7950	Train_ACC: 0.7260	Train_PREC: 0.7118	Train_RECALL: 0.8812	Train_F1: 0.7875
Eval_AUC: 0.7888	Eval_ACC: 0.7212	Eval_PREC: 0.7081	Eval_RECALL: 0.8770	Eval_F1: 0.7835

Global_step 4400	Train_loss: 0.5509
Train_AUC: 0.7958	Train_ACC: 0.7289	Train_PREC: 0.7528	Train_RECALL: 0.7885	Train_F1: 0.7702
Eval_AUC: 0.7900	Eval_ACC: 0.7239	Eval_PREC: 0.7486	Eval_RECALL: 0.7829	Eval_F1: 0.7654

Global_step 4500	Train_loss: 0.5472
Train_AUC: 0.7968	Train_ACC: 0.7290	Train_PREC: 0.7547	Train_RECALL: 0.7848	Train_F1: 0.7695
Eval_AUC: 0.7908	Eval_ACC: 0.7241	Eval_PREC: 0.7504	Eval_RECALL: 0.7798	Eval_F1: 0.7648

Global_step 4600	Train_loss: 0.5474
Train_AUC: 0.7962	Train_ACC: 0.7294	Train_PREC: 0.7232	Train_RECALL: 0.8593	Train_F1: 0.7854
Eval_AUC: 0.7903	Eval_ACC: 0.7244	Eval_PREC: 0.7196	Eval_RECALL: 0.8537	Eval_F1: 0.7809

Global_step 4700	Train_loss: 0.5509
Train_AUC: 0.7963	Train_ACC: 0.7288	Train_PREC: 0.7188	Train_RECALL: 0.8696	Train_F1: 0.7871
Eval_AUC: 0.7900	Eval_ACC: 0.7240	Eval_PREC: 0.7154	Eval_RECALL: 0.8640	Eval_F1: 0.7827

Global_step 4800	Train_loss: 0.5472
Train_AUC: 0.7962	Train_ACC: 0.7279	Train_PREC: 0.7565	Train_RECALL: 0.7784	Train_F1: 0.7673
Eval_AUC: 0.7898	Eval_ACC: 0.7236	Eval_PREC: 0.7531	Eval_RECALL: 0.7730	Eval_F1: 0.7629

Global_step 4900	Train_loss: 0.5459
Train_AUC: 0.7969	Train_ACC: 0.7302	Train_PREC: 0.7496	Train_RECALL: 0.7988	Train_F1: 0.7734
Eval_AUC: 0.7908	Eval_ACC: 0.7263	Eval_PREC: 0.7464	Eval_RECALL: 0.7939	Eval_F1: 0.7694

Global_step 5000	Train_loss: 0.5489
Train_AUC: 0.7974	Train_ACC: 0.7176	Train_PREC: 0.6935	Train_RECALL: 0.9141	Train_F1: 0.7886
Eval_AUC: 0.7914	Eval_ACC: 0.7130	Eval_PREC: 0.6900	Eval_RECALL: 0.9099	Eval_F1: 0.7848

Global_step 5100	Train_loss: 0.5484
Train_AUC: 0.7979	Train_ACC: 0.7275	Train_PREC: 0.7641	Train_RECALL: 0.7625	Train_F1: 0.7633
Eval_AUC: 0.7914	Eval_ACC: 0.7212	Eval_PREC: 0.7586	Eval_RECALL: 0.7558	Eval_F1: 0.7572

Global_step 5200	Train_loss: 0.5478
Train_AUC: 0.7979	Train_ACC: 0.7290	Train_PREC: 0.7177	Train_RECALL: 0.8734	Train_F1: 0.7879
Eval_AUC: 0.7919	Eval_ACC: 0.7236	Eval_PREC: 0.7136	Eval_RECALL: 0.8677	Eval_F1: 0.7832

Global_step 5300	Train_loss: 0.5422
Train_AUC: 0.7940	Train_ACC: 0.7281	Train_PREC: 0.7222	Train_RECALL: 0.8584	Train_F1: 0.7844
Eval_AUC: 0.7881	Eval_ACC: 0.7229	Eval_PREC: 0.7183	Eval_RECALL: 0.8527	Eval_F1: 0.7798

Global_step 5400	Train_loss: 0.5484
Train_AUC: 0.7972	Train_ACC: 0.7230	Train_PREC: 0.7718	Train_RECALL: 0.7374	Train_F1: 0.7542
Eval_AUC: 0.7911	Eval_ACC: 0.7195	Eval_PREC: 0.7687	Eval_RECALL: 0.7328	Eval_F1: 0.7504

Global_step 5500	Train_loss: 0.5469
Train_AUC: 0.7960	Train_ACC: 0.7210	Train_PREC: 0.7725	Train_RECALL: 0.7313	Train_F1: 0.7513
Eval_AUC: 0.7896	Eval_ACC: 0.7157	Eval_PREC: 0.7678	Eval_RECALL: 0.7251	Eval_F1: 0.7458

Global_step 5600	Train_loss: 0.5486
Train_AUC: 0.7974	Train_ACC: 0.7301	Train_PREC: 0.7218	Train_RECALL: 0.8651	Train_F1: 0.7870
Eval_AUC: 0.7910	Eval_ACC: 0.7249	Eval_PREC: 0.7178	Eval_RECALL: 0.8598	Eval_F1: 0.7824

Global_step 5700	Train_loss: 0.5417
Train_AUC: 0.7977	Train_ACC: 0.7279	Train_PREC: 0.7150	Train_RECALL: 0.8779	Train_F1: 0.7881
Eval_AUC: 0.7912	Eval_ACC: 0.7223	Eval_PREC: 0.7108	Eval_RECALL: 0.8721	Eval_F1: 0.7833

Global_step 5800	Train_loss: 0.5478
Train_AUC: 0.7978	Train_ACC: 0.7311	Train_PREC: 0.7279	Train_RECALL: 0.8518	Train_F1: 0.7850
Eval_AUC: 0.7917	Eval_ACC: 0.7259	Eval_PREC: 0.7239	Eval_RECALL: 0.8465	Eval_F1: 0.7804

Global_step 5900	Train_loss: 0.5490
Train_AUC: 0.7989	Train_ACC: 0.7315	Train_PREC: 0.7242	Train_RECALL: 0.8628	Train_F1: 0.7874
Eval_AUC: 0.7924	Eval_ACC: 0.7263	Eval_PREC: 0.7203	Eval_RECALL: 0.8569	Eval_F1: 0.7827

Global_step 6000	Train_loss: 0.5470
Train_AUC: 0.7984	Train_ACC: 0.7316	Train_PREC: 0.7515	Train_RECALL: 0.7982	Train_F1: 0.7741
Eval_AUC: 0.7917	Eval_ACC: 0.7256	Eval_PREC: 0.7467	Eval_RECALL: 0.7916	Eval_F1: 0.7685

Global_step 6100	Train_loss: 0.5526
Train_AUC: 0.7970	Train_ACC: 0.7270	Train_PREC: 0.7624	Train_RECALL: 0.7646	Train_F1: 0.7635
Eval_AUC: 0.7908	Eval_ACC: 0.7224	Eval_PREC: 0.7586	Eval_RECALL: 0.7589	Eval_F1: 0.7588

epoch:1
Global_step 6200	Train_loss: 0.5402
Train_AUC: 0.7970	Train_ACC: 0.7296	Train_PREC: 0.7237	Train_RECALL: 0.8586	Train_F1: 0.7854
Eval_AUC: 0.7902	Eval_ACC: 0.7247	Eval_PREC: 0.7199	Eval_RECALL: 0.8534	Eval_F1: 0.7810

Global_step 6300	Train_loss: 0.5392
Train_AUC: 0.7972	Train_ACC: 0.7314	Train_PREC: 0.7325	Train_RECALL: 0.8411	Train_F1: 0.7830
Eval_AUC: 0.7902	Eval_ACC: 0.7255	Eval_PREC: 0.7280	Eval_RECALL: 0.8348	Eval_F1: 0.7778

Global_step 6400	Train_loss: 0.5421
Train_AUC: 0.7989	Train_ACC: 0.7328	Train_PREC: 0.7467	Train_RECALL: 0.8116	Train_F1: 0.7778
Eval_AUC: 0.7917	Eval_ACC: 0.7265	Eval_PREC: 0.7418	Eval_RECALL: 0.8045	Eval_F1: 0.7719

Global_step 6500	Train_loss: 0.5390
Train_AUC: 0.7982	Train_ACC: 0.7306	Train_PREC: 0.7530	Train_RECALL: 0.7925	Train_F1: 0.7723
Eval_AUC: 0.7908	Eval_ACC: 0.7247	Eval_PREC: 0.7483	Eval_RECALL: 0.7857	Eval_F1: 0.7666

Global_step 6600	Train_loss: 0.5402
Train_AUC: 0.7987	Train_ACC: 0.7313	Train_PREC: 0.7262	Train_RECALL: 0.8568	Train_F1: 0.7861
Eval_AUC: 0.7912	Eval_ACC: 0.7253	Eval_PREC: 0.7217	Eval_RECALL: 0.8503	Eval_F1: 0.7807

Global_step 6700	Train_loss: 0.5416
Train_AUC: 0.7991	Train_ACC: 0.7326	Train_PREC: 0.7438	Train_RECALL: 0.8178	Train_F1: 0.7790
Eval_AUC: 0.7919	Eval_ACC: 0.7266	Eval_PREC: 0.7390	Eval_RECALL: 0.8111	Eval_F1: 0.7734

Global_step 6800	Train_loss: 0.5400
Train_AUC: 0.7991	Train_ACC: 0.7283	Train_PREC: 0.7135	Train_RECALL: 0.8833	Train_F1: 0.7894
Eval_AUC: 0.7912	Eval_ACC: 0.7225	Eval_PREC: 0.7090	Eval_RECALL: 0.8780	Eval_F1: 0.7845

Global_step 6900	Train_loss: 0.5511
Train_AUC: 0.7982	Train_ACC: 0.7326	Train_PREC: 0.7439	Train_RECALL: 0.8174	Train_F1: 0.7789
Eval_AUC: 0.7902	Eval_ACC: 0.7265	Eval_PREC: 0.7392	Eval_RECALL: 0.8106	Eval_F1: 0.7733

Global_step 7000	Train_loss: 0.5368
Train_AUC: 0.7984	Train_ACC: 0.7312	Train_PREC: 0.7248	Train_RECALL: 0.8602	Train_F1: 0.7867
Eval_AUC: 0.7906	Eval_ACC: 0.7250	Eval_PREC: 0.7199	Eval_RECALL: 0.8544	Eval_F1: 0.7814

Global_step 7100	Train_loss: 0.5444
Train_AUC: 0.7985	Train_ACC: 0.7332	Train_PREC: 0.7386	Train_RECALL: 0.8313	Train_F1: 0.7822
Eval_AUC: 0.7911	Eval_ACC: 0.7267	Eval_PREC: 0.7334	Eval_RECALL: 0.8247	Eval_F1: 0.7764

Global_step 7200	Train_loss: 0.5421
Train_AUC: 0.7993	Train_ACC: 0.7319	Train_PREC: 0.7255	Train_RECALL: 0.8603	Train_F1: 0.7872
Eval_AUC: 0.7920	Eval_ACC: 0.7252	Eval_PREC: 0.7204	Eval_RECALL: 0.8536	Eval_F1: 0.7814

Global_step 7300	Train_loss: 0.5363
Train_AUC: 0.7976	Train_ACC: 0.7318	Train_PREC: 0.7442	Train_RECALL: 0.8145	Train_F1: 0.7778
Eval_AUC: 0.7906	Eval_ACC: 0.7269	Eval_PREC: 0.7402	Eval_RECALL: 0.8095	Eval_F1: 0.7733

Global_step 7400	Train_loss: 0.5473
Train_AUC: 0.8003	Train_ACC: 0.7332	Train_PREC: 0.7312	Train_RECALL: 0.8492	Train_F1: 0.7858
Eval_AUC: 0.7923	Eval_ACC: 0.7270	Eval_PREC: 0.7266	Eval_RECALL: 0.8424	Eval_F1: 0.7803

Global_step 7500	Train_loss: 0.5327
Train_AUC: 0.7983	Train_ACC: 0.7324	Train_PREC: 0.7334	Train_RECALL: 0.8415	Train_F1: 0.7838
Eval_AUC: 0.7911	Eval_ACC: 0.7265	Eval_PREC: 0.7290	Eval_RECALL: 0.8349	Eval_F1: 0.7784

Global_step 7600	Train_loss: 0.5373
Train_AUC: 0.7979	Train_ACC: 0.7272	Train_PREC: 0.7622	Train_RECALL: 0.7655	Train_F1: 0.7638
Eval_AUC: 0.7912	Eval_ACC: 0.7224	Eval_PREC: 0.7584	Eval_RECALL: 0.7594	Eval_F1: 0.7589

Global_step 7700	Train_loss: 0.5447
Train_AUC: 0.7988	Train_ACC: 0.7329	Train_PREC: 0.7375	Train_RECALL: 0.8330	Train_F1: 0.7824
Eval_AUC: 0.7913	Eval_ACC: 0.7273	Eval_PREC: 0.7332	Eval_RECALL: 0.8266	Eval_F1: 0.7771

Global_step 7800	Train_loss: 0.5324
Train_AUC: 0.8000	Train_ACC: 0.7337	Train_PREC: 0.7423	Train_RECALL: 0.8239	Train_F1: 0.7810
Eval_AUC: 0.7928	Eval_ACC: 0.7287	Eval_PREC: 0.7383	Eval_RECALL: 0.8185	Eval_F1: 0.7763

Global_step 7900	Train_loss: 0.5378
Train_AUC: 0.7979	Train_ACC: 0.7313	Train_PREC: 0.7283	Train_RECALL: 0.8512	Train_F1: 0.7850
Eval_AUC: 0.7908	Eval_ACC: 0.7257	Eval_PREC: 0.7242	Eval_RECALL: 0.8450	Eval_F1: 0.7799

Global_step 8000	Train_loss: 0.5355
Train_AUC: 0.7987	Train_ACC: 0.7317	Train_PREC: 0.7239	Train_RECALL: 0.8640	Train_F1: 0.7878
Eval_AUC: 0.7911	Eval_ACC: 0.7254	Eval_PREC: 0.7192	Eval_RECALL: 0.8572	Eval_F1: 0.7822

Global_step 8100	Train_loss: 0.5430
Train_AUC: 0.7998	Train_ACC: 0.7318	Train_PREC: 0.7239	Train_RECALL: 0.8642	Train_F1: 0.7879
Eval_AUC: 0.7925	Eval_ACC: 0.7259	Eval_PREC: 0.7195	Eval_RECALL: 0.8580	Eval_F1: 0.7827

Global_step 8200	Train_loss: 0.5393
Train_AUC: 0.8001	Train_ACC: 0.7330	Train_PREC: 0.7476	Train_RECALL: 0.8102	Train_F1: 0.7776
Eval_AUC: 0.7925	Eval_ACC: 0.7271	Eval_PREC: 0.7427	Eval_RECALL: 0.8043	Eval_F1: 0.7723

Global_step 8300	Train_loss: 0.5446
Train_AUC: 0.7996	Train_ACC: 0.7308	Train_PREC: 0.7186	Train_RECALL: 0.8759	Train_F1: 0.7894
Eval_AUC: 0.7921	Eval_ACC: 0.7257	Eval_PREC: 0.7148	Eval_RECALL: 0.8704	Eval_F1: 0.7850

Global_step 8400	Train_loss: 0.5426
Train_AUC: 0.8003	Train_ACC: 0.7339	Train_PREC: 0.7471	Train_RECALL: 0.8137	Train_F1: 0.7790
Eval_AUC: 0.7925	Eval_ACC: 0.7278	Eval_PREC: 0.7423	Eval_RECALL: 0.8072	Eval_F1: 0.7734

Global_step 8500	Train_loss: 0.5427
Train_AUC: 0.8007	Train_ACC: 0.7338	Train_PREC: 0.7428	Train_RECALL: 0.8233	Train_F1: 0.7810
Eval_AUC: 0.7928	Eval_ACC: 0.7278	Eval_PREC: 0.7379	Eval_RECALL: 0.8170	Eval_F1: 0.7755

Global_step 8600	Train_loss: 0.5443
Train_AUC: 0.8010	Train_ACC: 0.7335	Train_PREC: 0.7330	Train_RECALL: 0.8457	Train_F1: 0.7853
Eval_AUC: 0.7928	Eval_ACC: 0.7273	Eval_PREC: 0.7285	Eval_RECALL: 0.8387	Eval_F1: 0.7797

Global_step 8700	Train_loss: 0.5372
Train_AUC: 0.8008	Train_ACC: 0.7323	Train_PREC: 0.7538	Train_RECALL: 0.7953	Train_F1: 0.7740
Eval_AUC: 0.7927	Eval_ACC: 0.7266	Eval_PREC: 0.7493	Eval_RECALL: 0.7886	Eval_F1: 0.7684

Global_step 8800	Train_loss: 0.5371
Train_AUC: 0.8001	Train_ACC: 0.7332	Train_PREC: 0.7429	Train_RECALL: 0.8213	Train_F1: 0.7801
Eval_AUC: 0.7922	Eval_ACC: 0.7266	Eval_PREC: 0.7378	Eval_RECALL: 0.8140	Eval_F1: 0.7740

Global_step 8900	Train_loss: 0.5369
Train_AUC: 0.8000	Train_ACC: 0.7331	Train_PREC: 0.7314	Train_RECALL: 0.8485	Train_F1: 0.7856
Eval_AUC: 0.7923	Eval_ACC: 0.7271	Eval_PREC: 0.7264	Eval_RECALL: 0.8430	Eval_F1: 0.7804

Global_step 9000	Train_loss: 0.5502
Train_AUC: 0.8006	Train_ACC: 0.7329	Train_PREC: 0.7500	Train_RECALL: 0.8048	Train_F1: 0.7765
Eval_AUC: 0.7924	Eval_ACC: 0.7268	Eval_PREC: 0.7450	Eval_RECALL: 0.7983	Eval_F1: 0.7707

Global_step 9100	Train_loss: 0.5373
Train_AUC: 0.8018	Train_ACC: 0.7331	Train_PREC: 0.7251	Train_RECALL: 0.8648	Train_F1: 0.7888
Eval_AUC: 0.7934	Eval_ACC: 0.7266	Eval_PREC: 0.7203	Eval_RECALL: 0.8581	Eval_F1: 0.7831

Global_step 9200	Train_loss: 0.5427
Train_AUC: 0.8010	Train_ACC: 0.7340	Train_PREC: 0.7304	Train_RECALL: 0.8532	Train_F1: 0.7871
Eval_AUC: 0.7931	Eval_ACC: 0.7270	Eval_PREC: 0.7250	Eval_RECALL: 0.8466	Eval_F1: 0.7811

Global_step 9300	Train_loss: 0.5378
Train_AUC: 0.8013	Train_ACC: 0.7346	Train_PREC: 0.7391	Train_RECALL: 0.8340	Train_F1: 0.7837
Eval_AUC: 0.7930	Eval_ACC: 0.7277	Eval_PREC: 0.7335	Eval_RECALL: 0.8274	Eval_F1: 0.7776

Global_step 9400	Train_loss: 0.5415
Train_AUC: 0.8009	Train_ACC: 0.7327	Train_PREC: 0.7553	Train_RECALL: 0.7932	Train_F1: 0.7738
Eval_AUC: 0.7925	Eval_ACC: 0.7266	Eval_PREC: 0.7504	Eval_RECALL: 0.7863	Eval_F1: 0.7679

Global_step 9500	Train_loss: 0.5428
Train_AUC: 0.8014	Train_ACC: 0.7341	Train_PREC: 0.7307	Train_RECALL: 0.8530	Train_F1: 0.7871
Eval_AUC: 0.7935	Eval_ACC: 0.7282	Eval_PREC: 0.7261	Eval_RECALL: 0.8471	Eval_F1: 0.7820

Global_step 9600	Train_loss: 0.5386
Train_AUC: 0.7997	Train_ACC: 0.7329	Train_PREC: 0.7323	Train_RECALL: 0.8457	Train_F1: 0.7849
Eval_AUC: 0.7918	Eval_ACC: 0.7264	Eval_PREC: 0.7274	Eval_RECALL: 0.8387	Eval_F1: 0.7791

Global_step 9700	Train_loss: 0.5385
Train_AUC: 0.8010	Train_ACC: 0.7341	Train_PREC: 0.7353	Train_RECALL: 0.8417	Train_F1: 0.7849
Eval_AUC: 0.7924	Eval_ACC: 0.7270	Eval_PREC: 0.7298	Eval_RECALL: 0.8343	Eval_F1: 0.7786

Global_step 9800	Train_loss: 0.5420
Train_AUC: 0.8003	Train_ACC: 0.7297	Train_PREC: 0.7187	Train_RECALL: 0.8723	Train_F1: 0.7881
Eval_AUC: 0.7917	Eval_ACC: 0.7222	Eval_PREC: 0.7133	Eval_RECALL: 0.8647	Eval_F1: 0.7817

Global_step 9900	Train_loss: 0.5405
Train_AUC: 0.8019	Train_ACC: 0.7347	Train_PREC: 0.7405	Train_RECALL: 0.8309	Train_F1: 0.7831
Eval_AUC: 0.7934	Eval_ACC: 0.7278	Eval_PREC: 0.7354	Eval_RECALL: 0.8230	Eval_F1: 0.7767

Global_step 10000	Train_loss: 0.5390
Train_AUC: 0.8024	Train_ACC: 0.7352	Train_PREC: 0.7419	Train_RECALL: 0.8290	Train_F1: 0.7830
Eval_AUC: 0.7940	Eval_ACC: 0.7290	Eval_PREC: 0.7370	Eval_RECALL: 0.8222	Eval_F1: 0.7773

Global_step 10100	Train_loss: 0.5426
Train_AUC: 0.8007	Train_ACC: 0.7327	Train_PREC: 0.7258	Train_RECALL: 0.8617	Train_F1: 0.7880
Eval_AUC: 0.7922	Eval_ACC: 0.7261	Eval_PREC: 0.7209	Eval_RECALL: 0.8548	Eval_F1: 0.7822

Global_step 10200	Train_loss: 0.5345
Train_AUC: 0.8030	Train_ACC: 0.7341	Train_PREC: 0.7271	Train_RECALL: 0.8623	Train_F1: 0.7889
Eval_AUC: 0.7943	Eval_ACC: 0.7273	Eval_PREC: 0.7219	Eval_RECALL: 0.8555	Eval_F1: 0.7831

Global_step 10300	Train_loss: 0.5318
Train_AUC: 0.8023	Train_ACC: 0.7328	Train_PREC: 0.7220	Train_RECALL: 0.8721	Train_F1: 0.7900
Eval_AUC: 0.7945	Eval_ACC: 0.7263	Eval_PREC: 0.7172	Eval_RECALL: 0.8654	Eval_F1: 0.7844

Global_step 10400	Train_loss: 0.5438
Train_AUC: 0.8029	Train_ACC: 0.7353	Train_PREC: 0.7429	Train_RECALL: 0.8270	Train_F1: 0.7827
Eval_AUC: 0.7943	Eval_ACC: 0.7289	Eval_PREC: 0.7376	Eval_RECALL: 0.8205	Eval_F1: 0.7769

Global_step 10500	Train_loss: 0.5458
Train_AUC: 0.8027	Train_ACC: 0.7278	Train_PREC: 0.7081	Train_RECALL: 0.8977	Train_F1: 0.7917
Eval_AUC: 0.7941	Eval_ACC: 0.7209	Eval_PREC: 0.7030	Eval_RECALL: 0.8913	Eval_F1: 0.7861

Global_step 10600	Train_loss: 0.5327
Train_AUC: 0.8015	Train_ACC: 0.7340	Train_PREC: 0.7380	Train_RECALL: 0.8350	Train_F1: 0.7835
Eval_AUC: 0.7931	Eval_ACC: 0.7276	Eval_PREC: 0.7330	Eval_RECALL: 0.8281	Eval_F1: 0.7777

Global_step 10700	Train_loss: 0.5423
Train_AUC: 0.8016	Train_ACC: 0.7337	Train_PREC: 0.7501	Train_RECALL: 0.8067	Train_F1: 0.7774
Eval_AUC: 0.7933	Eval_ACC: 0.7274	Eval_PREC: 0.7451	Eval_RECALL: 0.7996	Eval_F1: 0.7714

Global_step 10800	Train_loss: 0.5424
Train_AUC: 0.8032	Train_ACC: 0.7350	Train_PREC: 0.7495	Train_RECALL: 0.8112	Train_F1: 0.7791
Eval_AUC: 0.7948	Eval_ACC: 0.7282	Eval_PREC: 0.7442	Eval_RECALL: 0.8038	Eval_F1: 0.7729

Global_step 10900	Train_loss: 0.5480
Train_AUC: 0.8032	Train_ACC: 0.7361	Train_PREC: 0.7396	Train_RECALL: 0.8367	Train_F1: 0.7851
Eval_AUC: 0.7941	Eval_ACC: 0.7288	Eval_PREC: 0.7338	Eval_RECALL: 0.8295	Eval_F1: 0.7788

Global_step 11000	Train_loss: 0.5408
Train_AUC: 0.8014	Train_ACC: 0.7342	Train_PREC: 0.7417	Train_RECALL: 0.8267	Train_F1: 0.7819
Eval_AUC: 0.7934	Eval_ACC: 0.7280	Eval_PREC: 0.7370	Eval_RECALL: 0.8198	Eval_F1: 0.7762

Global_step 11100	Train_loss: 0.5450
Train_AUC: 0.8026	Train_ACC: 0.7341	Train_PREC: 0.7541	Train_RECALL: 0.7993	Train_F1: 0.7760
Eval_AUC: 0.7945	Eval_ACC: 0.7281	Eval_PREC: 0.7493	Eval_RECALL: 0.7924	Eval_F1: 0.7703

Global_step 11200	Train_loss: 0.5385
Train_AUC: 0.8030	Train_ACC: 0.7352	Train_PREC: 0.7326	Train_RECALL: 0.8510	Train_F1: 0.7874
Eval_AUC: 0.7942	Eval_ACC: 0.7283	Eval_PREC: 0.7276	Eval_RECALL: 0.8436	Eval_F1: 0.7813

Global_step 11300	Train_loss: 0.5373
Train_AUC: 0.8026	Train_ACC: 0.7318	Train_PREC: 0.7173	Train_RECALL: 0.8826	Train_F1: 0.7914
Eval_AUC: 0.7933	Eval_ACC: 0.7245	Eval_PREC: 0.7119	Eval_RECALL: 0.8754	Eval_F1: 0.7852

Global_step 11400	Train_loss: 0.5432
Train_AUC: 0.8036	Train_ACC: 0.7344	Train_PREC: 0.7256	Train_RECALL: 0.8670	Train_F1: 0.7900
Eval_AUC: 0.7951	Eval_ACC: 0.7274	Eval_PREC: 0.7204	Eval_RECALL: 0.8599	Eval_F1: 0.7840

Global_step 11500	Train_loss: 0.5356
Train_AUC: 0.8020	Train_ACC: 0.7337	Train_PREC: 0.7516	Train_RECALL: 0.8035	Train_F1: 0.7767
Eval_AUC: 0.7940	Eval_ACC: 0.7276	Eval_PREC: 0.7470	Eval_RECALL: 0.7962	Eval_F1: 0.7708

Global_step 11600	Train_loss: 0.5379
Train_AUC: 0.7998	Train_ACC: 0.7294	Train_PREC: 0.7603	Train_RECALL: 0.7747	Train_F1: 0.7674
Eval_AUC: 0.7919	Eval_ACC: 0.7238	Eval_PREC: 0.7559	Eval_RECALL: 0.7679	Eval_F1: 0.7618

Global_step 11700	Train_loss: 0.5465
Train_AUC: 0.8037	Train_ACC: 0.7346	Train_PREC: 0.7531	Train_RECALL: 0.8025	Train_F1: 0.7770
Eval_AUC: 0.7954	Eval_ACC: 0.7287	Eval_PREC: 0.7487	Eval_RECALL: 0.7953	Eval_F1: 0.7713

Global_step 11800	Train_loss: 0.5431
Train_AUC: 0.8013	Train_ACC: 0.7324	Train_PREC: 0.7557	Train_RECALL: 0.7917	Train_F1: 0.7732
Eval_AUC: 0.7932	Eval_ACC: 0.7266	Eval_PREC: 0.7510	Eval_RECALL: 0.7851	Eval_F1: 0.7677

Global_step 11900	Train_loss: 0.5338
Train_AUC: 0.8036	Train_ACC: 0.7358	Train_PREC: 0.7444	Train_RECALL: 0.8248	Train_F1: 0.7825
Eval_AUC: 0.7948	Eval_ACC: 0.7290	Eval_PREC: 0.7390	Eval_RECALL: 0.8176	Eval_F1: 0.7763

Global_step 12000	Train_loss: 0.5438
Train_AUC: 0.8030	Train_ACC: 0.7338	Train_PREC: 0.7253	Train_RECALL: 0.8662	Train_F1: 0.7895
Eval_AUC: 0.7945	Eval_ACC: 0.7267	Eval_PREC: 0.7202	Eval_RECALL: 0.8585	Eval_F1: 0.7833

Global_step 12100	Train_loss: 0.5411
Train_AUC: 0.8019	Train_ACC: 0.7311	Train_PREC: 0.7177	Train_RECALL: 0.8790	Train_F1: 0.7902
Eval_AUC: 0.7936	Eval_ACC: 0.7250	Eval_PREC: 0.7133	Eval_RECALL: 0.8727	Eval_F1: 0.7850

